=== Neovim Exit Error ===
Time: Sun Feb 15 22:48:17 2026
Project: /Users/lijia/todo2
=================================
v:errmsg: E117: Unknown function: repeat#set

Error/Warning Messages:
  Formatter failed. See :ConformInfo for details

=== Neovim Exit Error ===
Time: Sun Feb 15 22:48:35 2026
Project: /Users/lijia/todo2
=================================
v:errmsg: Failed to run `config` for todo2

vim/loader.lua:0: /Users/lijia/todo2/lua/todo2/store/context.lua:32: unexpected symbol near 'or'

# stacktrace:
  - vim/loader.lua:0
  - lua/todo2/store/locator.lua:6
  - lua/todo2/store/link.lua:9
  - lua/todo2/store/init.lua:11
  - lua/todo2/core/status.lua:11
  - lua/todo2/core/init.lua:13
  - lua/todo2/init.lua:15
  - ~/.config/nvim/lua/plugins/todo2.lua:7 _in_ **config**

Error/Warning Messages:
  Failed to run `config` for todo2

=== Neovim Exit Error ===
Time: Sun Feb 15 22:49:13 2026
Project: /Users/lijia/todo2
=================================
v:errmsg: Failed to run `config` for todo2

vim/loader.lua:0: /Users/lijia/todo2/lua/todo2/store/context.lua:32: unexpected symbol near 'or'

# stacktrace:
  - vim/loader.lua:0
  - lua/todo2/store/locator.lua:6
  - lua/todo2/store/link.lua:9
  - lua/todo2/store/init.lua:11
  - lua/todo2/core/status.lua:11
  - lua/todo2/core/init.lua:13
  - lua/todo2/init.lua:15
  - ~/.config/nvim/lua/plugins/todo2.lua:7 _in_ **config**

Error/Warning Messages:
  Failed to run `config` for todo2

